<?xml version="1.0" encoding="UTF-8"?>
<testng-results ignored="0" total="1" passed="1" failed="0" skipped="0">
  <reporter-output>
  </reporter-output>
  <suite started-at="2022-12-22T09:57:07 BDT" name="Default suite" finished-at="2022-12-22T09:57:38 BDT" duration-ms="31407">
    <groups>
    </groups>
    <test started-at="2022-12-22T09:57:07 BDT" name="Default test" finished-at="2022-12-22T09:57:38 BDT" duration-ms="31407">
      <class name="webtests.IslamicTest">
        <test-method is-config="true" signature="setBrowser()[pri:0, instance:webtests.IslamicTest@6574a52c]" started-at="2022-12-22T09:57:04 BDT" name="setBrowser" finished-at="2022-12-22T09:57:07 BDT" duration-ms="2632" status="PASS">
          <reporter-output>
          </reporter-output>
        </test-method> <!-- setBrowser -->
        <test-method signature="webTest()[pri:0, instance:webtests.IslamicTest@6574a52c]" started-at="2022-12-22T09:57:07 BDT" name="webTest" finished-at="2022-12-22T09:57:38 BDT" duration-ms="31381" status="PASS">
          <reporter-output>
          </reporter-output>
        </test-method> <!-- webTest -->
        <test-method is-config="true" signature="quitDriver()[pri:0, instance:webtests.IslamicTest@6574a52c]" started-at="2022-12-22T09:57:38 BDT" name="quitDriver" finished-at="2022-12-22T09:57:38 BDT" duration-ms="370" status="PASS">
          <reporter-output>
          </reporter-output>
        </test-method> <!-- quitDriver -->
      </class> <!-- webtests.IslamicTest -->
    </test> <!-- Default test -->
  </suite> <!-- Default suite -->
</testng-results>
